
2020-05-29 11:40:22,825 - INFO  I200 **** S M A R T B A C K U P **** service starting... 
2020-05-29 11:40:22,826 - INFO  I201 ---> Tenant Backup started: dpollard@acuworkflow.com
2020-05-29 11:40:26,637 - WARN  W300 Warning - tenant not owner of Sheet - not backed up: EDITORAcuWorkflow Contacts
2020-05-29 11:40:26,738 - WARN  W300 Warning - tenant not owner of Sheet - not backed up: EDITORAcuWorkflow Online Submissions
2020-05-29 11:40:26,840 - INFO  I202 Now backing up sheet: OWNERAsset Manager with Depreciation
2020-05-29 11:40:28,038 - INFO  I203 Result from backing up: {'message': 'SUCCESS', 'resultCode': 0, 'result': {'id': 1167195129571204, 'name': '.bu_Asset Manager with Depreciation', 'accessLevel': 'OWNER', 'permalink': 'https://app.smartsheet.com/sheets/rGrxPh7qjx6pPfC7G8F9H255V6h7V7cFhmfR6vj1'}}
2020-05-29 11:40:28,038 - INFO  I204 Finish backing up sheet: Asset Manager with Depreciation
2020-05-29 11:40:28,140 - INFO  I202 Now backing up sheet: OWNERCustomer Feedback Form
2020-05-29 11:40:29,304 - INFO  I203 Result from backing up: {'message': 'SUCCESS', 'resultCode': 0, 'result': {'id': 7086587776395140, 'name': '.bu_Customer Feedback Form', 'accessLevel': 'OWNER', 'permalink': 'https://app.smartsheet.com/sheets/MMGqqF4jF46M9RMH7JqGhPpgwjJcfr3R9fhCVPq1'}}
2020-05-29 11:40:29,305 - INFO  I204 Finish backing up sheet: Customer Feedback Form
2020-05-29 11:40:29,406 - INFO  I202 Now backing up sheet: OWNERMy New Sheet 1
2020-05-29 11:40:30,541 - INFO  I203 Result from backing up: {'message': 'SUCCESS', 'resultCode': 0, 'result': {'id': 4587947602274180, 'name': '.bu_My New Sheet 1', 'accessLevel': 'OWNER', 'permalink': 'https://app.smartsheet.com/sheets/7G7JXcm3r6FvCwC6m5WJrFFq33W8gPpMmMCpqVC1'}}
2020-05-29 11:40:30,541 - INFO  I204 Finish backing up sheet: My New Sheet 1
2020-05-29 11:40:30,642 - WARN  W302 Warning - Sheet not backed up - exceeded allowed copies 3 the default is 3 My New Sheet 2
2020-05-29 11:40:30,645 - INFO  I205 <--- Tenant Backup Ended: dpollard@acuworkflow.com
2020-05-29 11:40:30,646 - INFO  I201 ---> Tenant Backup started: joeblack@acuworkflow.com
2020-05-29 11:40:34,740 - WARN  W300 Warning - tenant not owner of Sheet - not backed up: EDITORAcuWorkflow Contacts
2020-05-29 11:40:34,841 - WARN  W300 Warning - tenant not owner of Sheet - not backed up: EDITORAcuWorkflow Online Submissions
2020-05-29 11:40:34,942 - INFO  I202 Now backing up sheet: OWNERAsset Manager with Depreciation
2020-05-29 11:40:36,167 - INFO  I203 Result from backing up: {'message': 'SUCCESS', 'resultCode': 0, 'result': {'id': 4887701959796612, 'name': '.bu_Asset Manager with Depreciation', 'accessLevel': 'OWNER', 'permalink': 'https://app.smartsheet.com/sheets/F453cF5vHfJvJQgrFRRhCPjW3M9x93fq7WmpRrx1'}}
2020-05-29 11:40:36,167 - INFO  I204 Finish backing up sheet: Asset Manager with Depreciation
2020-05-29 11:40:36,271 - INFO  I202 Now backing up sheet: OWNERCustomer Feedback Form
2020-05-29 11:40:37,397 - INFO  I203 Result from backing up: {'message': 'SUCCESS', 'resultCode': 0, 'result': {'id': 7314324122298244, 'name': '.bu_Customer Feedback Form', 'accessLevel': 'OWNER', 'permalink': 'https://app.smartsheet.com/sheets/hJwfFQ4VwhHGXMfFJRj6h4pf4Jmph7gFhpPQ9Fh1'}}
2020-05-29 11:40:37,397 - INFO  I204 Finish backing up sheet: Customer Feedback Form
2020-05-29 11:40:37,498 - INFO  I202 Now backing up sheet: OWNERMy New Sheet 1
2020-05-29 11:40:38,621 - INFO  I203 Result from backing up: {'message': 'SUCCESS', 'resultCode': 0, 'result': {'id': 111835765598084, 'name': '.bu_My New Sheet 1', 'accessLevel': 'OWNER', 'permalink': 'https://app.smartsheet.com/sheets/4VFxvjp4Q824xMxXC3rCHrF48PhwMHPwwwQR3WG1'}}
2020-05-29 11:40:38,622 - INFO  I204 Finish backing up sheet: My New Sheet 1
2020-05-29 11:40:38,724 - WARN  W302 Warning - Sheet not backed up - exceeded allowed copies 3 the default is 3 My New Sheet 2
2020-05-29 11:40:38,726 - INFO  I205 <--- Tenant Backup Ended: joeblack@acuworkflow.com
2020-05-29 11:40:38,729 - INFO  I206 **** S M A R T B A C K U P **** service shutting down... 
